[01:27:37] [ServerMain/INFO]: [bootstrap] Running Java 21 (OpenJDK 64-Bit Server VM 21.0.5+11-Ubuntu-1ubuntu120.04; Ubuntu null) on Linux 6.5.0-1025-azure (amd64)
[01:27:37] [ServerMain/INFO]: [bootstrap] Loading Paper 1.21.1-57-master@b483da4 (2024-09-01T18:09:05Z) for Minecraft 1.21.1
[01:27:38] [ServerMain/INFO]: [PluginInitializerManager] Initializing plugins...
[01:27:38] [ServerMain/INFO]: [PluginInitializerManager] Initialized 0 plugins
[01:27:40] [Paper Plugin Remapper Thread - 1/INFO]: [ReobfServer] Remapping server...
[01:27:52] [ServerMain/INFO]: Environment: Environment[sessionHost=https://sessionserver.mojang.com, servicesHost=https://api.minecraftservices.com, name=PROD]
[01:27:53] [ServerMain/INFO]: Found new data pack file/bukkit, loading it automatically
[01:27:53] [ServerMain/INFO]: Found new data pack paper, loading it automatically
[01:27:55] [ServerMain/INFO]: No existing world data, creating new world
[01:27:58] [ServerMain/INFO]: Loaded 1290 recipes
[01:27:59] [ServerMain/INFO]: Loaded 1399 advancements
[01:28:00] [Server thread/INFO]: Starting minecraft server version 1.21.1
[01:28:00] [Server thread/INFO]: Loading properties
[01:28:00] [Server thread/INFO]: This server is running Paper version 1.21.1-57-master@b483da4 (2024-09-01T18:09:05Z) (Implementing API version 1.21.1-R0.1-SNAPSHOT)
[01:28:00] [Paper Plugin Remapper Thread - 1/INFO]: [ReobfServer] Done remapping server in 20108ms.
[01:28:01] [Server thread/INFO]: [spark] This server bundles the spark profiler. For more information please visit https://docs.papermc.io/paper/profiling
[01:28:01] [Server thread/INFO]: Server Ping Player Sample Count: 12
[01:28:01] [Server thread/INFO]: Using 4 threads for Netty based IO
[01:28:03] [Server thread/INFO]: [ChunkTaskScheduler] Chunk system is using 1 I/O threads, 1 worker threads, and population gen parallelism of 1 threads
[01:28:03] [Server thread/INFO]: Default game type: SURVIVAL
[01:28:03] [Server thread/INFO]: Generating keypair
[01:28:03] [Server thread/INFO]: Starting Minecraft server on *:25565
[01:28:03] [Server thread/INFO]: Using epoll channel type
[01:28:04] [Server thread/INFO]: Paper: Using libdeflate (Linux x86_64) compression from Velocity.
[01:28:04] [Server thread/INFO]: Paper: Using OpenSSL 1.1.x (Linux x86_64) cipher from Velocity.
[01:28:04] [Server thread/WARN]: **** SERVER IS RUNNING IN OFFLINE/INSECURE MODE!
[01:28:04] [Server thread/WARN]: The server will make no attempt to authenticate usernames. Beware.
[01:28:04] [Server thread/WARN]: While this makes the game possible to play without internet access, it also opens up the ability for hackers to connect with any username they choose.
[01:28:04] [Server thread/WARN]: To change this, set "online-mode" to "true" in the server.properties file.
[01:28:04] [Server thread/INFO]: Preparing level "world"
[01:28:32] [Server thread/INFO]: Preparing start region for dimension minecraft:overworld
[01:28:50] [Server thread/INFO]: Time elapsed: 17019 ms
[01:28:50] [Server thread/INFO]: Preparing start region for dimension minecraft:the_nether
[01:28:53] [Server thread/INFO]: Time elapsed: 3243 ms
[01:28:53] [Server thread/INFO]: Preparing start region for dimension minecraft:the_end
[01:28:55] [Server thread/INFO]: Time elapsed: 1804 ms
[01:28:55] [Server thread/INFO]: [spark] Starting background profiler...
[01:28:55] [Server thread/INFO]: Done preparing level "world" (51.368s)
[01:28:55] [Server thread/INFO]: Running delayed init tasks
[01:28:55] [Server thread/INFO]: Done (78.901s)! For help, type "help"
[01:28:55] [Server thread/INFO]: *************************************************************************************
[01:28:55] [Server thread/INFO]: This is the first time you're starting this server.
[01:28:55] [Server thread/INFO]: It's recommended you read our 'Getting Started' documentation for guidance.
[01:28:55] [Server thread/INFO]: View this and more helpful information here: https://docs.papermc.io/paper/next-steps
[01:28:55] [Server thread/INFO]: *************************************************************************************
[01:28:55] [Server thread/INFO]: Timings Reset
[01:29:53] [User Authenticator #0/INFO]: UUID of player BionART is 4a5ebe41-5753-3005-8d14-cc260760f40c
[01:29:55] [Server thread/INFO]: BionART joined the game
[01:29:55] [Server thread/INFO]: BionART[/127.209.99.56:57053] logged in with entity id 69 at ([world]10.5, 90.0, 7.5)
[01:30:19] [Server thread/INFO]: BionART lost connection: Disconnected
[01:30:19] [Server thread/INFO]: BionART left the game
